********************************************************************************
DUPLICATOR-LITE PACKAGE-LOG: 17 September 2020 19 h 38 min
NOTICE: Do NOT post to public sites or forums 
********************************************************************************
VERSION:	1.3.36
WORDPRESS:	5.4.2
PHP INFO:	7.3.5 | SAPI: apache2handler
SERVER:		Apache/2.4.39 (Win64) PHP/7.3.5 
PHP TIME LIMIT: (0) no time limit imposed 
PHP MAX MEMORY: 4294967296 (128M default) 
MEMORY STACK: 2MB

********************************************************************************
DATABASE:
********************************************************************************
BUILD MODE:   PHP(query limit - 100)
MYSQLTIMEOUT: 5000
MYSQLDUMP:    Not Supported
TABLES: total:21 | filtered:0 | create:21
FILTERED: []
SQL CREATED: 20200917_sebimmo_e8c5f6a6f715e3d35757_20200917193719_database.sql
SQL FILE SIZE: 398.57KB (408131)
SQL FILE TIME: 2020-09-17 19:38:29
SQL RUNTIME: 3.94 sec.

********************************************************************************
ARCHIVE (ZIP):
********************************************************************************
ARCHIVE DIR:  C:/wamp64/www/seb_immo_wp
ARCHIVE FILE: 20200917_sebimmo_e8c5f6a6f715e3d35757_20200917193719_archive.zip
FILTERS: *OFF*
DIRS:
	not set
FILES:
	not set
EXTS:  not set
----------------------------------------
COMPRESSING
SIZE:	298.95MB
STATS:	Dirs 1,055 | Files 8,875
SQL ADDED: 20200917_sebimmo_e8c5f6a6f715e3d35757_20200917193719_database.sql
ZipArchive Object
(
    [status] => 0
    [statusSys] => 0
    [numFiles] => 9930
    [filename] => C:\wamp64\www\seb_immo_wp\wp-content\backups-dup-lite\tmp\20200917_sebimmo_e8c5f6a6f715e3d35757_20200917193719_archive.zip
    [comment] => 
)

FILE ADDED TO ZIP: 9929
COMPRESSION RESULT: '1'
COMPRESSED SIZE: 204.24MB
ARCHIVE RUNTIME: 177.54 sec.
MEMORY STACK: 4MB
building installer
add_extra_files1
add_extra_files2
add_extra_files3
add_extra_files4
Doing archive file check
add_extra_files5
add_extra_files6
add_extra_files8
Successfully opened zip C:/wamp64/www/seb_immo_wp/wp-content/backups-dup-lite/tmp/20200917_sebimmo_e8c5f6a6f715e3d35757_20200917193719_archive.zip
Adding enhanced installer files to archive using ZipArchive
Installer files added to archive
Added to archive
After ziparchive close when adding installer

********************************************************************************
INTEGRITY CHECKS:
********************************************************************************
SQL FILE: 398.57KB
INSTALLER FILE: 61.31KB
ARCHIVE FILE: 205.82MB 
EXPECTED FILE/DIRECTORY COUNT: 9,930
ACTUAL FILE/DIRECTORY COUNT: 9,929
ARCHIVE CONSISTENCY TEST: Pass

********************************************************************************
RECORD ID:[1]
TOTAL PROCESS RUNTIME: 189.88 sec.
PEAK PHP MEMORY USED: 6MB
DONE PROCESSING => 20200917_sebimmo 17 September 2020 19 h 41 min

